<?xml version="1.0" encoding="UTF-8"?>
<testng-results ignored="0" total="1" passed="1" failed="0" skipped="0">
  <reporter-output>
  </reporter-output>
  <suite started-at="2026-01-28T18:29:07 IST" name="Default suite" finished-at="2026-01-28T18:29:07 IST" duration-ms="51">
    <groups>
    </groups>
    <test started-at="2026-01-28T18:29:07 IST" name="Default test" finished-at="2026-01-28T18:29:07 IST" duration-ms="51">
      <class name="BasicSelenium.TestNg">
        <test-method signature="print()[pri:0, instance:BasicSelenium.TestNg@51399530]" started-at="2026-01-28T18:29:07 IST" name="print" finished-at="2026-01-28T18:29:07 IST" duration-ms="11" status="PASS">
          <reporter-output>
          </reporter-output>
        </test-method> <!-- print -->
      </class> <!-- BasicSelenium.TestNg -->
    </test> <!-- Default test -->
  </suite> <!-- Default suite -->
</testng-results>
